This file contains any messages produced by compilers while
running configure, to aid debugging if configure makes a mistake.

It was created by antidote configure 2.1, which was
generated by GNU Autoconf 2.69.  Invocation command line was

  $ ./configure --enable-coverage

## --------- ##
## Platform. ##
## --------- ##

hostname = arera
uname -m = x86_64
uname -r = 4.15.0-66-generic
uname -s = Linux
uname -v = #75-Ubuntu SMP Tue Oct 1 05:24:09 UTC 2019

/usr/bin/uname -p = unknown
/bin/uname -X     = unknown

/bin/arch              = unknown
/usr/bin/arch -k       = unknown
/usr/convex/getsysinfo = unknown
/usr/bin/hostinfo      = unknown
/bin/machine           = unknown
/usr/bin/oslevel       = unknown
/bin/universe          = unknown

PATH: /usr/local/sbin
PATH: /usr/local/bin
PATH: /usr/sbin
PATH: /usr/bin
PATH: /sbin
PATH: /bin
PATH: /snap/bin


## ----------- ##
## Core tests. ##
## ----------- ##

configure:2319: checking for a BSD-compatible install
configure:2387: result: /usr/bin/install -c
configure:2398: checking whether build environment is sane
configure:2453: result: yes
configure:2604: checking for a thread-safe mkdir -p
configure:2643: result: /bin/mkdir -p
configure:2650: checking for gawk
configure:2666: found /usr/bin/gawk
configure:2677: result: gawk
configure:2688: checking whether make sets $(MAKE)
configure:2710: result: yes
configure:2739: checking whether make supports nested variables
configure:2756: result: yes
configure:2894: checking whether make supports nested variables
configure:2911: result: yes
configure:2952: checking build system type
configure:2966: result: x86_64-pc-linux-gnu
configure:2986: checking host system type
configure:2999: result: x86_64-pc-linux-gnu
configure:3040: checking how to print strings
configure:3067: result: printf
configure:3100: checking for style of include used by make
configure:3128: result: GNU
configure:3199: checking for gcc
configure:3215: found /usr/bin/gcc
configure:3226: result: gcc
configure:3455: checking for C compiler version
configure:3464: gcc --version >&5
gcc (Ubuntu 7.4.0-1ubuntu1~18.04.1) 7.4.0
Copyright (C) 2017 Free Software Foundation, Inc.
This is free software; see the source for copying conditions.  There is NO
warranty; not even for MERCHANTABILITY or FITNESS FOR A PARTICULAR PURPOSE.

configure:3475: $? = 0
configure:3464: gcc -v >&5
Using built-in specs.
COLLECT_GCC=gcc
COLLECT_LTO_WRAPPER=/usr/lib/gcc/x86_64-linux-gnu/7/lto-wrapper
OFFLOAD_TARGET_NAMES=nvptx-none
OFFLOAD_TARGET_DEFAULT=1
Target: x86_64-linux-gnu
Configured with: ../src/configure -v --with-pkgversion='Ubuntu 7.4.0-1ubuntu1~18.04.1' --with-bugurl=file:///usr/share/doc/gcc-7/README.Bugs --enable-languages=c,ada,c++,go,brig,d,fortran,objc,obj-c++ --prefix=/usr --with-gcc-major-version-only --program-suffix=-7 --program-prefix=x86_64-linux-gnu- --enable-shared --enable-linker-build-id --libexecdir=/usr/lib --without-included-gettext --enable-threads=posix --libdir=/usr/lib --enable-nls --with-sysroot=/ --enable-clocale=gnu --enable-libstdcxx-debug --enable-libstdcxx-time=yes --with-default-libstdcxx-abi=new --enable-gnu-unique-object --disable-vtable-verify --enable-libmpx --enable-plugin --enable-default-pie --with-system-zlib --with-target-system-zlib --enable-objc-gc=auto --enable-multiarch --disable-werror --with-arch-32=i686 --with-abi=m64 --with-multilib-list=m32,m64,mx32 --enable-multilib --with-tune=generic --enable-offload-targets=nvptx-none --without-cuda-driver --enable-checking=release --build=x86_64-linux-gnu --host=x86_64-linux-gnu --target=x86_64-linux-gnu
Thread model: posix
gcc version 7.4.0 (Ubuntu 7.4.0-1ubuntu1~18.04.1) 
configure:3475: $? = 0
configure:3464: gcc -V >&5
gcc: error: unrecognized command line option '-V'
gcc: fatal error: no input files
compilation terminated.
configure:3475: $? = 1
configure:3464: gcc -qversion >&5
gcc: error: unrecognized command line option '-qversion'; did you mean '--version'?
gcc: fatal error: no input files
compilation terminated.
configure:3475: $? = 1
configure:3495: checking whether the C compiler works
configure:3517: gcc    conftest.c  >&5
configure:3521: $? = 0
configure:3569: result: yes
configure:3572: checking for C compiler default output file name
configure:3574: result: a.out
configure:3580: checking for suffix of executables
configure:3587: gcc -o conftest    conftest.c  >&5
configure:3591: $? = 0
configure:3613: result: 
configure:3635: checking whether we are cross compiling
configure:3643: gcc -o conftest    conftest.c  >&5
configure:3647: $? = 0
configure:3654: ./conftest
configure:3658: $? = 0
configure:3673: result: no
configure:3678: checking for suffix of object files
configure:3700: gcc -c   conftest.c >&5
configure:3704: $? = 0
configure:3725: result: o
configure:3729: checking whether we are using the GNU C compiler
configure:3748: gcc -c   conftest.c >&5
configure:3748: $? = 0
configure:3757: result: yes
configure:3766: checking whether gcc accepts -g
configure:3786: gcc -c -g  conftest.c >&5
configure:3786: $? = 0
configure:3827: result: yes
configure:3844: checking for gcc option to accept ISO C89
configure:3907: gcc  -c -g -O2  conftest.c >&5
configure:3907: $? = 0
configure:3920: result: none needed
configure:3945: checking whether gcc understands -c and -o together
configure:3967: gcc -c conftest.c -o conftest2.o
configure:3970: $? = 0
configure:3967: gcc -c conftest.c -o conftest2.o
configure:3970: $? = 0
configure:3982: result: yes
configure:4001: checking dependency style of gcc
configure:4112: result: gcc3
configure:4127: checking for a sed that does not truncate output
configure:4191: result: /bin/sed
configure:4209: checking for grep that handles long lines and -e
configure:4267: result: /bin/grep
configure:4272: checking for egrep
configure:4334: result: /bin/grep -E
configure:4339: checking for fgrep
configure:4401: result: /bin/grep -F
configure:4436: checking for ld used by gcc
configure:4503: result: /usr/bin/ld
configure:4510: checking if the linker (/usr/bin/ld) is GNU ld
configure:4525: result: yes
configure:4537: checking for BSD- or MS-compatible name lister (nm)
configure:4591: result: /usr/bin/nm -B
configure:4721: checking the name lister (/usr/bin/nm -B) interface
configure:4728: gcc -c -g -O2  conftest.c >&5
configure:4731: /usr/bin/nm -B "conftest.o"
configure:4734: output
0000000000000000 B some_variable
configure:4741: result: BSD nm
configure:4744: checking whether ln -s works
configure:4748: result: yes
configure:4756: checking the maximum length of command line arguments
configure:4887: result: 1572864
configure:4935: checking how to convert x86_64-pc-linux-gnu file names to x86_64-pc-linux-gnu format
configure:4975: result: func_convert_file_noop
configure:4982: checking how to convert x86_64-pc-linux-gnu file names to toolchain format
configure:5002: result: func_convert_file_noop
configure:5009: checking for /usr/bin/ld option to reload object files
configure:5016: result: -r
configure:5090: checking for objdump
configure:5106: found /usr/bin/objdump
configure:5117: result: objdump
configure:5149: checking how to recognize dependent libraries
configure:5349: result: pass_all
configure:5434: checking for dlltool
configure:5464: result: no
configure:5494: checking how to associate runtime and link libraries
configure:5521: result: printf %s\n
configure:5582: checking for ar
configure:5598: found /usr/bin/ar
configure:5609: result: ar
configure:5646: checking for archiver @FILE support
configure:5663: gcc -c -g -O2  conftest.c >&5
configure:5663: $? = 0
configure:5666: ar cru libconftest.a @conftest.lst >&5
ar: `u' modifier ignored since `D' is the default (see `U')
configure:5669: $? = 0
configure:5674: ar cru libconftest.a @conftest.lst >&5
ar: `u' modifier ignored since `D' is the default (see `U')
ar: conftest.o: No such file or directory
configure:5677: $? = 1
configure:5689: result: @
configure:5747: checking for strip
configure:5763: found /usr/bin/strip
configure:5774: result: strip
configure:5846: checking for ranlib
configure:5862: found /usr/bin/ranlib
configure:5873: result: ranlib
configure:5975: checking command to parse /usr/bin/nm -B output from gcc object
configure:6128: gcc -c -g -O2  conftest.c >&5
configure:6131: $? = 0
configure:6135: /usr/bin/nm -B conftest.o \| sed -n -e 's/^.*[ ]\([ABCDGIRSTW][ABCDGIRSTW]*\)[ ][ ]*\([_A-Za-z][_A-Za-z0-9]*\)$/\1 \2 \2/p' | sed '/ __gnu_lto/d' \> conftest.nm
configure:6138: $? = 0
configure:6204: gcc -o conftest -g -O2   conftest.c conftstm.o >&5
configure:6207: $? = 0
configure:6245: result: ok
configure:6292: checking for sysroot
configure:6322: result: no
configure:6329: checking for a working dd
configure:6367: result: /bin/dd
configure:6371: checking how to truncate binary pipes
configure:6386: result: /bin/dd bs=4096 count=1
configure:6522: gcc -c -g -O2  conftest.c >&5
configure:6525: $? = 0
configure:6715: checking for mt
configure:6731: found /bin/mt
configure:6742: result: mt
configure:6765: checking if mt is a manifest tool
configure:6771: mt '-?'
configure:6779: result: no
configure:7456: checking how to run the C preprocessor
configure:7487: gcc -E  conftest.c
configure:7487: $? = 0
configure:7501: gcc -E  conftest.c
conftest.c:11:10: fatal error: ac_nonexistent.h: No such file or directory
 #include <ac_nonexistent.h>
          ^~~~~~~~~~~~~~~~~~
compilation terminated.
configure:7501: $? = 1
configure: failed program was:
| /* confdefs.h */
| #define PACKAGE_NAME "antidote"
| #define PACKAGE_TARNAME "antidote"
| #define PACKAGE_VERSION "2.1"
| #define PACKAGE_STRING "antidote 2.1"
| #define PACKAGE_BUGREPORT ""
| #define PACKAGE_URL ""
| #define PACKAGE "antidote"
| #define VERSION "2.1"
| /* end confdefs.h.  */
| #include <ac_nonexistent.h>
configure:7526: result: gcc -E
configure:7546: gcc -E  conftest.c
configure:7546: $? = 0
configure:7560: gcc -E  conftest.c
conftest.c:11:10: fatal error: ac_nonexistent.h: No such file or directory
 #include <ac_nonexistent.h>
          ^~~~~~~~~~~~~~~~~~
compilation terminated.
configure:7560: $? = 1
configure: failed program was:
| /* confdefs.h */
| #define PACKAGE_NAME "antidote"
| #define PACKAGE_TARNAME "antidote"
| #define PACKAGE_VERSION "2.1"
| #define PACKAGE_STRING "antidote 2.1"
| #define PACKAGE_BUGREPORT ""
| #define PACKAGE_URL ""
| #define PACKAGE "antidote"
| #define VERSION "2.1"
| /* end confdefs.h.  */
| #include <ac_nonexistent.h>
configure:7589: checking for ANSI C header files
configure:7609: gcc -c -g -O2  conftest.c >&5
configure:7609: $? = 0
configure:7682: gcc -o conftest -g -O2   conftest.c  >&5
configure:7682: $? = 0
configure:7682: ./conftest
configure:7682: $? = 0
configure:7693: result: yes
configure:7706: checking for sys/types.h
configure:7706: gcc -c -g -O2  conftest.c >&5
configure:7706: $? = 0
configure:7706: result: yes
configure:7706: checking for sys/stat.h
configure:7706: gcc -c -g -O2  conftest.c >&5
configure:7706: $? = 0
configure:7706: result: yes
configure:7706: checking for stdlib.h
configure:7706: gcc -c -g -O2  conftest.c >&5
configure:7706: $? = 0
configure:7706: result: yes
configure:7706: checking for string.h
configure:7706: gcc -c -g -O2  conftest.c >&5
configure:7706: $? = 0
configure:7706: result: yes
configure:7706: checking for memory.h
configure:7706: gcc -c -g -O2  conftest.c >&5
configure:7706: $? = 0
configure:7706: result: yes
configure:7706: checking for strings.h
configure:7706: gcc -c -g -O2  conftest.c >&5
configure:7706: $? = 0
configure:7706: result: yes
configure:7706: checking for inttypes.h
configure:7706: gcc -c -g -O2  conftest.c >&5
configure:7706: $? = 0
configure:7706: result: yes
configure:7706: checking for stdint.h
configure:7706: gcc -c -g -O2  conftest.c >&5
configure:7706: $? = 0
configure:7706: result: yes
configure:7706: checking for unistd.h
configure:7706: gcc -c -g -O2  conftest.c >&5
configure:7706: $? = 0
configure:7706: result: yes
configure:7720: checking for dlfcn.h
configure:7720: gcc -c -g -O2  conftest.c >&5
configure:7720: $? = 0
configure:7720: result: yes
configure:7976: checking for objdir
configure:7991: result: .libs
configure:8255: checking if gcc supports -fno-rtti -fno-exceptions
configure:8273: gcc -c -g -O2  -fno-rtti -fno-exceptions conftest.c >&5
cc1: warning: command line option '-fno-rtti' is valid for C++/ObjC++ but not for C
configure:8277: $? = 0
configure:8290: result: no
configure:8648: checking for gcc option to produce PIC
configure:8655: result: -fPIC -DPIC
configure:8663: checking if gcc PIC flag -fPIC -DPIC works
configure:8681: gcc -c -g -O2  -fPIC -DPIC -DPIC conftest.c >&5
configure:8685: $? = 0
configure:8698: result: yes
configure:8727: checking if gcc static flag -static works
configure:8755: result: yes
configure:8770: checking if gcc supports -c -o file.o
configure:8791: gcc -c -g -O2  -o out/conftest2.o conftest.c >&5
configure:8795: $? = 0
configure:8817: result: yes
configure:8825: checking if gcc supports -c -o file.o
configure:8872: result: yes
configure:8905: checking whether the gcc linker (/usr/bin/ld -m elf_x86_64) supports shared libraries
configure:10168: result: yes
configure:10205: checking whether -lc should be explicitly linked in
configure:10213: gcc -c -g -O2  conftest.c >&5
configure:10216: $? = 0
configure:10231: gcc -shared  -fPIC -DPIC conftest.o  -v -Wl,-soname -Wl,conftest -o conftest 2\>\&1 \| /bin/grep  -lc  \>/dev/null 2\>\&1
configure:10234: $? = 0
configure:10248: result: no
configure:10408: checking dynamic linker characteristics
configure:10989: gcc -o conftest -g -O2   -Wl,-rpath -Wl,/foo conftest.c  >&5
configure:10989: $? = 0
configure:11238: result: GNU/Linux ld.so
configure:11360: checking how to hardcode library paths into programs
configure:11385: result: immediate
configure:11933: checking whether stripping libraries is possible
configure:11938: result: yes
configure:11973: checking if libtool supports shared libraries
configure:11975: result: yes
configure:11978: checking whether to build shared libraries
configure:12003: result: yes
configure:12006: checking whether to build static libraries
configure:12010: result: yes
configure:12098: checking for gcc
configure:12125: result: gcc
configure:12354: checking for C compiler version
configure:12363: gcc --version >&5
gcc (Ubuntu 7.4.0-1ubuntu1~18.04.1) 7.4.0
Copyright (C) 2017 Free Software Foundation, Inc.
This is free software; see the source for copying conditions.  There is NO
warranty; not even for MERCHANTABILITY or FITNESS FOR A PARTICULAR PURPOSE.

configure:12374: $? = 0
configure:12363: gcc -v >&5
Using built-in specs.
COLLECT_GCC=gcc
COLLECT_LTO_WRAPPER=/usr/lib/gcc/x86_64-linux-gnu/7/lto-wrapper
OFFLOAD_TARGET_NAMES=nvptx-none
OFFLOAD_TARGET_DEFAULT=1
Target: x86_64-linux-gnu
Configured with: ../src/configure -v --with-pkgversion='Ubuntu 7.4.0-1ubuntu1~18.04.1' --with-bugurl=file:///usr/share/doc/gcc-7/README.Bugs --enable-languages=c,ada,c++,go,brig,d,fortran,objc,obj-c++ --prefix=/usr --with-gcc-major-version-only --program-suffix=-7 --program-prefix=x86_64-linux-gnu- --enable-shared --enable-linker-build-id --libexecdir=/usr/lib --without-included-gettext --enable-threads=posix --libdir=/usr/lib --enable-nls --with-sysroot=/ --enable-clocale=gnu --enable-libstdcxx-debug --enable-libstdcxx-time=yes --with-default-libstdcxx-abi=new --enable-gnu-unique-object --disable-vtable-verify --enable-libmpx --enable-plugin --enable-default-pie --with-system-zlib --with-target-system-zlib --enable-objc-gc=auto --enable-multiarch --disable-werror --with-arch-32=i686 --with-abi=m64 --with-multilib-list=m32,m64,mx32 --enable-multilib --with-tune=generic --enable-offload-targets=nvptx-none --without-cuda-driver --enable-checking=release --build=x86_64-linux-gnu --host=x86_64-linux-gnu --target=x86_64-linux-gnu
Thread model: posix
gcc version 7.4.0 (Ubuntu 7.4.0-1ubuntu1~18.04.1) 
configure:12374: $? = 0
configure:12363: gcc -V >&5
gcc: error: unrecognized command line option '-V'
gcc: fatal error: no input files
compilation terminated.
configure:12374: $? = 1
configure:12363: gcc -qversion >&5
gcc: error: unrecognized command line option '-qversion'; did you mean '--version'?
gcc: fatal error: no input files
compilation terminated.
configure:12374: $? = 1
configure:12378: checking whether we are using the GNU C compiler
configure:12406: result: yes
configure:12415: checking whether gcc accepts -g
configure:12476: result: yes
configure:12493: checking for gcc option to accept ISO C89
configure:12569: result: none needed
configure:12594: checking whether gcc understands -c and -o together
configure:12631: result: yes
configure:12650: checking dependency style of gcc
configure:12761: result: gcc3
configure:12779: checking stdio.h usability
configure:12779: gcc -c -g -O2  conftest.c >&5
configure:12779: $? = 0
configure:12779: result: yes
configure:12779: checking stdio.h presence
configure:12779: gcc -E  conftest.c
configure:12779: $? = 0
configure:12779: result: yes
configure:12779: checking for stdio.h
configure:12779: result: yes
configure:12811: checking /usr/include/CUnit/CUnit.h usability
configure:12811: gcc -c -g -O2  conftest.c >&5
configure:12811: $? = 0
configure:12811: result: yes
configure:12811: checking /usr/include/CUnit/CUnit.h presence
configure:12811: gcc -E  conftest.c
configure:12811: $? = 0
configure:12811: result: yes
configure:12811: checking for /usr/include/CUnit/CUnit.h
configure:12811: result: yes
configure:12829:  -- Tests enabled.
configure:12847:  -- Code coverage enabled.
configure:12908: checking for pkg-config
configure:12926: found /usr/bin/pkg-config
configure:12938: result: /usr/bin/pkg-config
configure:12963: checking pkg-config is at least version 0.9.0
configure:12966: result: yes
configure:12976: checking for DBUS
configure:12983: $PKG_CONFIG --exists --print-errors "dbus-1 >= 1.4.0"
configure:12986: $? = 0
configure:13000: $PKG_CONFIG --exists --print-errors "dbus-1 >= 1.4.0"
configure:13003: $? = 0
configure:13061: result: yes
configure:13067: checking for GLIB
configure:13074: $PKG_CONFIG --exists --print-errors "glib-2.0"
configure:13077: $? = 0
configure:13091: $PKG_CONFIG --exists --print-errors "glib-2.0"
configure:13094: $? = 0
configure:13152: result: yes
configure:13158: checking for GIO
configure:13165: $PKG_CONFIG --exists --print-errors "gio-2.0"
configure:13168: $? = 0
configure:13182: $PKG_CONFIG --exists --print-errors "gio-2.0"
configure:13185: $? = 0
configure:13243: result: yes
configure:13249: checking for DBUS_GLIB
configure:13256: $PKG_CONFIG --exists --print-errors "dbus-glib-1"
configure:13259: $? = 0
configure:13273: $PKG_CONFIG --exists --print-errors "dbus-glib-1"
configure:13276: $? = 0
configure:13334: result: yes
configure:13341: checking for USB1
configure:13348: $PKG_CONFIG --exists --print-errors "libusb-1.0"
configure:13351: $? = 0
configure:13365: $PKG_CONFIG --exists --print-errors "libusb-1.0"
configure:13368: $? = 0
configure:13426: result: yes
configure:13605: checking that generated files are newer than configure
configure:13611: result: done
configure:13646: creating ./config.status

## ---------------------- ##
## Running config.status. ##
## ---------------------- ##

This file was extended by antidote config.status 2.1, which was
generated by GNU Autoconf 2.69.  Invocation command line was

  CONFIG_FILES    = 
  CONFIG_HEADERS  = 
  CONFIG_LINKS    = 
  CONFIG_COMMANDS = 
  $ ./config.status 

on arera

config.status:1051: creating Makefile
config.status:1051: creating apps/Makefile
config.status:1051: creating src/Makefile
config.status:1051: creating src/api/Makefile
config.status:1051: creating src/dim/Makefile
config.status:1051: creating src/util/Makefile
config.status:1051: creating src/communication/Makefile
config.status:1051: creating src/communication/plugin/Makefile
config.status:1051: creating src/communication/parser/Makefile
config.status:1051: creating src/communication/agent/Makefile
config.status:1051: creating src/communication/common/Makefile
config.status:1051: creating src/communication/manager/Makefile
config.status:1051: creating src/trans/Makefile
config.status:1051: creating src/specializations/Makefile
config.status:1051: creating src/antidote.pc
config.status:1051: creating sdk/Makefile
config.status:1051: creating tests/Makefile
config.status:1051: creating tests/api/Makefile
config.status:1051: creating tests/dim/Makefile
config.status:1051: creating tests/communication/Makefile
config.status:1051: creating tests/communication/parser/Makefile
config.status:1051: creating tests/communication/encoder/Makefile
config.status:1051: creating tests/functional_test_cases/Makefile
config.status:1051: creating src/communication/plugin/bluez/Makefile
config.status:1051: creating src/communication/plugin/usb/Makefile
config.status:1051: creating src/communication/plugin/trans/Makefile
config.status:1051: creating src/trans/plugin/Makefile
config.status:1223: executing depfiles commands
config.status:1223: executing libtool commands

## ---------------- ##
## Cache variables. ##
## ---------------- ##

ac_cv_build=x86_64-pc-linux-gnu
ac_cv_c_compiler_gnu=yes
ac_cv_env_CC_set=
ac_cv_env_CC_value=
ac_cv_env_CFLAGS_set=
ac_cv_env_CFLAGS_value=
ac_cv_env_CPPFLAGS_set=
ac_cv_env_CPPFLAGS_value=
ac_cv_env_CPP_set=
ac_cv_env_CPP_value=
ac_cv_env_DBUS_CFLAGS_set=
ac_cv_env_DBUS_CFLAGS_value=
ac_cv_env_DBUS_GLIB_CFLAGS_set=
ac_cv_env_DBUS_GLIB_CFLAGS_value=
ac_cv_env_DBUS_GLIB_LIBS_set=
ac_cv_env_DBUS_GLIB_LIBS_value=
ac_cv_env_DBUS_LIBS_set=
ac_cv_env_DBUS_LIBS_value=
ac_cv_env_GIO_CFLAGS_set=
ac_cv_env_GIO_CFLAGS_value=
ac_cv_env_GIO_LIBS_set=
ac_cv_env_GIO_LIBS_value=
ac_cv_env_GLIB_CFLAGS_set=
ac_cv_env_GLIB_CFLAGS_value=
ac_cv_env_GLIB_LIBS_set=
ac_cv_env_GLIB_LIBS_value=
ac_cv_env_LDFLAGS_set=
ac_cv_env_LDFLAGS_value=
ac_cv_env_LIBS_set=
ac_cv_env_LIBS_value=
ac_cv_env_LT_SYS_LIBRARY_PATH_set=
ac_cv_env_LT_SYS_LIBRARY_PATH_value=
ac_cv_env_PKG_CONFIG_LIBDIR_set=
ac_cv_env_PKG_CONFIG_LIBDIR_value=
ac_cv_env_PKG_CONFIG_PATH_set=
ac_cv_env_PKG_CONFIG_PATH_value=
ac_cv_env_PKG_CONFIG_set=
ac_cv_env_PKG_CONFIG_value=
ac_cv_env_USB1_CFLAGS_set=
ac_cv_env_USB1_CFLAGS_value=
ac_cv_env_USB1_LIBS_set=
ac_cv_env_USB1_LIBS_value=
ac_cv_env_build_alias_set=
ac_cv_env_build_alias_value=
ac_cv_env_host_alias_set=
ac_cv_env_host_alias_value=
ac_cv_env_target_alias_set=
ac_cv_env_target_alias_value=
ac_cv_header__usr_include_CUnit_CUnit_h=yes
ac_cv_header_dlfcn_h=yes
ac_cv_header_inttypes_h=yes
ac_cv_header_memory_h=yes
ac_cv_header_stdc=yes
ac_cv_header_stdint_h=yes
ac_cv_header_stdio_h=yes
ac_cv_header_stdlib_h=yes
ac_cv_header_string_h=yes
ac_cv_header_strings_h=yes
ac_cv_header_sys_stat_h=yes
ac_cv_header_sys_types_h=yes
ac_cv_header_unistd_h=yes
ac_cv_host=x86_64-pc-linux-gnu
ac_cv_objext=o
ac_cv_path_EGREP='/bin/grep -E'
ac_cv_path_FGREP='/bin/grep -F'
ac_cv_path_GREP=/bin/grep
ac_cv_path_SED=/bin/sed
ac_cv_path_ac_pt_PKG_CONFIG=/usr/bin/pkg-config
ac_cv_path_install='/usr/bin/install -c'
ac_cv_path_lt_DD=/bin/dd
ac_cv_path_mkdir=/bin/mkdir
ac_cv_prog_AWK=gawk
ac_cv_prog_CPP='gcc -E'
ac_cv_prog_ac_ct_AR=ar
ac_cv_prog_ac_ct_CC=gcc
ac_cv_prog_ac_ct_MANIFEST_TOOL=mt
ac_cv_prog_ac_ct_OBJDUMP=objdump
ac_cv_prog_ac_ct_RANLIB=ranlib
ac_cv_prog_ac_ct_STRIP=strip
ac_cv_prog_cc_c89=
ac_cv_prog_cc_g=yes
ac_cv_prog_make_make_set=yes
am_cv_CC_dependencies_compiler_type=gcc3
am_cv_make_support_nested_variables=yes
am_cv_prog_cc_c_o=yes
lt_cv_ar_at_file=@
lt_cv_archive_cmds_need_lc=no
lt_cv_deplibs_check_method=pass_all
lt_cv_file_magic_cmd='$MAGIC_CMD'
lt_cv_file_magic_test_file=
lt_cv_ld_reload_flag=-r
lt_cv_nm_interface='BSD nm'
lt_cv_objdir=.libs
lt_cv_path_LD=/usr/bin/ld
lt_cv_path_NM='/usr/bin/nm -B'
lt_cv_path_mainfest_tool=no
lt_cv_prog_compiler_c_o=yes
lt_cv_prog_compiler_pic='-fPIC -DPIC'
lt_cv_prog_compiler_pic_works=yes
lt_cv_prog_compiler_rtti_exceptions=no
lt_cv_prog_compiler_static_works=yes
lt_cv_prog_gnu_ld=yes
lt_cv_sharedlib_from_linklib_cmd='printf %s\n'
lt_cv_shlibpath_overrides_runpath=yes
lt_cv_sys_global_symbol_pipe='sed -n -e '\''s/^.*[	 ]\([ABCDGIRSTW][ABCDGIRSTW]*\)[	 ][	 ]*\([_A-Za-z][_A-Za-z0-9]*\)$/\1 \2 \2/p'\'' | sed '\''/ __gnu_lto/d'\'''
lt_cv_sys_global_symbol_to_c_name_address='sed -n -e '\''s/^: \(.*\) .*$/  {"\1", (void *) 0},/p'\'' -e '\''s/^[ABCDGIRSTW][ABCDGIRSTW]* .* \(.*\)$/  {"\1", (void *) \&\1},/p'\'''
lt_cv_sys_global_symbol_to_c_name_address_lib_prefix='sed -n -e '\''s/^: \(.*\) .*$/  {"\1", (void *) 0},/p'\'' -e '\''s/^[ABCDGIRSTW][ABCDGIRSTW]* .* \(lib.*\)$/  {"\1", (void *) \&\1},/p'\'' -e '\''s/^[ABCDGIRSTW][ABCDGIRSTW]* .* \(.*\)$/  {"lib\1", (void *) \&\1},/p'\'''
lt_cv_sys_global_symbol_to_cdecl='sed -n -e '\''s/^T .* \(.*\)$/extern int \1();/p'\'' -e '\''s/^[ABCDGIRSTW][ABCDGIRSTW]* .* \(.*\)$/extern char \1;/p'\'''
lt_cv_sys_global_symbol_to_import=
lt_cv_sys_max_cmd_len=1572864
lt_cv_to_host_file_cmd=func_convert_file_noop
lt_cv_to_tool_file_cmd=func_convert_file_noop
lt_cv_truncate_bin='/bin/dd bs=4096 count=1'
pkg_cv_DBUS_CFLAGS='-I/usr/include/dbus-1.0 -I/usr/lib/x86_64-linux-gnu/dbus-1.0/include'
pkg_cv_DBUS_GLIB_CFLAGS='-I/usr/include/dbus-1.0 -I/usr/lib/x86_64-linux-gnu/dbus-1.0/include -I/usr/include/glib-2.0 -I/usr/lib/x86_64-linux-gnu/glib-2.0/include'
pkg_cv_DBUS_GLIB_LIBS='-ldbus-glib-1 -ldbus-1 -lgobject-2.0 -lglib-2.0'
pkg_cv_DBUS_LIBS=-ldbus-1
pkg_cv_GIO_CFLAGS='-pthread -I/usr/include/glib-2.0 -I/usr/lib/x86_64-linux-gnu/glib-2.0/include'
pkg_cv_GIO_LIBS='-lgio-2.0 -lgobject-2.0 -lglib-2.0'
pkg_cv_GLIB_CFLAGS='-I/usr/include/glib-2.0 -I/usr/lib/x86_64-linux-gnu/glib-2.0/include'
pkg_cv_GLIB_LIBS=-lglib-2.0
pkg_cv_USB1_CFLAGS=-I/usr/include/libusb-1.0
pkg_cv_USB1_LIBS=-lusb-1.0

## ----------------- ##
## Output variables. ##
## ----------------- ##

ACLOCAL='${SHELL} /home/bombarda/git/repository/antidote-2.1.0/missing aclocal-1.15'
AMDEPBACKSLASH='\'
AMDEP_FALSE='#'
AMDEP_TRUE=''
AMTAR='$${TAR-tar}'
AM_BACKSLASH='\'
AM_DEFAULT_V='$(AM_DEFAULT_VERBOSITY)'
AM_DEFAULT_VERBOSITY='0'
AM_V='$(V)'
AR='ar'
AUTOCONF='${SHELL} /home/bombarda/git/repository/antidote-2.1.0/missing autoconf'
AUTOHEADER='${SHELL} /home/bombarda/git/repository/antidote-2.1.0/missing autoheader'
AUTOMAKE='${SHELL} /home/bombarda/git/repository/antidote-2.1.0/missing automake-1.15'
AWK='gawk'
BUILD_LINUX_FALSE='#'
BUILD_LINUX_TRUE=''
BUILD_MAC_FALSE=''
BUILD_MAC_TRUE='#'
CC='gcc'
CCDEPMODE='depmode=gcc3'
CFLAGS='-g -O2  -fprofile-arcs -ftest-coverage -lgcov -O0 -I/usr/include/CUnit -Itests -Isrc -g -pthread -Wextra -Wno-unused-parameter -fPIC -fprofile-arcs -ftest-coverage'
CPP='gcc -E'
CPPFLAGS=''
CYGPATH_W='echo'
DBUS_CFLAGS='-I/usr/include/dbus-1.0 -I/usr/lib/x86_64-linux-gnu/dbus-1.0/include'
DBUS_GLIB_CFLAGS='-I/usr/include/dbus-1.0 -I/usr/lib/x86_64-linux-gnu/dbus-1.0/include -I/usr/include/glib-2.0 -I/usr/lib/x86_64-linux-gnu/glib-2.0/include'
DBUS_GLIB_LIBS='-ldbus-glib-1 -ldbus-1 -lgobject-2.0 -lglib-2.0'
DBUS_LIBS='-ldbus-1'
DEFS='-DPACKAGE_NAME=\"antidote\" -DPACKAGE_TARNAME=\"antidote\" -DPACKAGE_VERSION=\"2.1\" -DPACKAGE_STRING=\"antidote\ 2.1\" -DPACKAGE_BUGREPORT=\"\" -DPACKAGE_URL=\"\" -DPACKAGE=\"antidote\" -DVERSION=\"2.1\" -DSTDC_HEADERS=1 -DHAVE_SYS_TYPES_H=1 -DHAVE_SYS_STAT_H=1 -DHAVE_STDLIB_H=1 -DHAVE_STRING_H=1 -DHAVE_MEMORY_H=1 -DHAVE_STRINGS_H=1 -DHAVE_INTTYPES_H=1 -DHAVE_STDINT_H=1 -DHAVE_UNISTD_H=1 -DHAVE_DLFCN_H=1 -DLT_OBJDIR=\".libs/\" -D_GNU_SOURCE=1 -DTEST_ENABLED=1'
DEPDIR='.deps'
DLLTOOL='false'
DSYMUTIL=''
DUMPBIN=''
ECHO_C=''
ECHO_N='-n'
ECHO_T=''
EGREP='/bin/grep -E'
EXEEXT=''
FGREP='/bin/grep -F'
GIO_CFLAGS='-pthread -I/usr/include/glib-2.0 -I/usr/lib/x86_64-linux-gnu/glib-2.0/include'
GIO_LIBS='-lgio-2.0 -lgobject-2.0 -lglib-2.0'
GLIB_CFLAGS='-I/usr/include/glib-2.0 -I/usr/lib/x86_64-linux-gnu/glib-2.0/include'
GLIB_LIBS='-lglib-2.0'
GREP='/bin/grep'
INSTALL_DATA='${INSTALL} -m 644'
INSTALL_PROGRAM='${INSTALL}'
INSTALL_SCRIPT='${INSTALL}'
INSTALL_STRIP_PROGRAM='$(install_sh) -c -s'
LD='/usr/bin/ld -m elf_x86_64'
LDFLAGS=''
LIBOBJS=''
LIBS=' -lm -lcunit'
LIBTOOL='$(SHELL) $(top_builddir)/libtool'
LIPO=''
LN_S='ln -s'
LTLIBOBJS=''
LT_SYS_LIBRARY_PATH=''
MAKEINFO='${SHELL} /home/bombarda/git/repository/antidote-2.1.0/missing makeinfo'
MANIFEST_TOOL=':'
MKDIR_P='/bin/mkdir -p'
NM='/usr/bin/nm -B'
NMEDIT=''
OBJDUMP='objdump'
OBJEXT='o'
OTOOL64=''
OTOOL=''
PACKAGE='antidote'
PACKAGE_BUGREPORT=''
PACKAGE_NAME='antidote'
PACKAGE_STRING='antidote 2.1'
PACKAGE_TARNAME='antidote'
PACKAGE_URL=''
PACKAGE_VERSION='2.1'
PATH_SEPARATOR=':'
PKG_CONFIG='/usr/bin/pkg-config'
PKG_CONFIG_LIBDIR=''
PKG_CONFIG_PATH=''
RANLIB='ranlib'
SED='/bin/sed'
SET_MAKE=''
SHELL='/bin/bash'
STRIP='strip'
USB1_CFLAGS='-I/usr/include/libusb-1.0'
USB1_LIBS='-lusb-1.0'
VERSION='2.1'
ac_ct_AR='ar'
ac_ct_CC='gcc'
ac_ct_DUMPBIN=''
am__EXEEXT_FALSE=''
am__EXEEXT_TRUE='#'
am__fastdepCC_FALSE='#'
am__fastdepCC_TRUE=''
am__include='include'
am__isrc=''
am__leading_dot='.'
am__nodep='_no'
am__quote=''
am__tar='$${TAR-tar} chof - "$$tardir"'
am__untar='$${TAR-tar} xf -'
bindir='${exec_prefix}/bin'
build='x86_64-pc-linux-gnu'
build_alias=''
build_cpu='x86_64'
build_os='linux-gnu'
build_vendor='pc'
datadir='${datarootdir}'
datarootdir='${prefix}/share'
docdir='${datarootdir}/doc/${PACKAGE_TARNAME}'
dvidir='${docdir}'
exec_prefix='${prefix}'
host='x86_64-pc-linux-gnu'
host_alias=''
host_cpu='x86_64'
host_os='linux-gnu'
host_vendor='pc'
htmldir='${docdir}'
includedir='${prefix}/include'
infodir='${datarootdir}/info'
install_sh='${SHELL} /home/bombarda/git/repository/antidote-2.1.0/install-sh'
libdir='${exec_prefix}/lib'
libexecdir='${exec_prefix}/libexec'
localedir='${datarootdir}/locale'
localstatedir='${prefix}/var'
mandir='${datarootdir}/man'
mkdir_p='$(MKDIR_P)'
oldincludedir='/usr/include'
pdfdir='${docdir}'
prefix='/usr/local'
program_transform_name='s,x,x,'
psdir='${docdir}'
runstatedir='${localstatedir}/run'
sbindir='${exec_prefix}/sbin'
sharedstatedir='${prefix}/com'
sysconfdir='${prefix}/etc'
target_alias=''

## ----------- ##
## confdefs.h. ##
## ----------- ##

/* confdefs.h */
#define PACKAGE_NAME "antidote"
#define PACKAGE_TARNAME "antidote"
#define PACKAGE_VERSION "2.1"
#define PACKAGE_STRING "antidote 2.1"
#define PACKAGE_BUGREPORT ""
#define PACKAGE_URL ""
#define PACKAGE "antidote"
#define VERSION "2.1"
#define STDC_HEADERS 1
#define HAVE_SYS_TYPES_H 1
#define HAVE_SYS_STAT_H 1
#define HAVE_STDLIB_H 1
#define HAVE_STRING_H 1
#define HAVE_MEMORY_H 1
#define HAVE_STRINGS_H 1
#define HAVE_INTTYPES_H 1
#define HAVE_STDINT_H 1
#define HAVE_UNISTD_H 1
#define HAVE_DLFCN_H 1
#define LT_OBJDIR ".libs/"
#define _GNU_SOURCE 1
#define TEST_ENABLED 1

configure: exit 0

## ---------------------- ##
## Running config.status. ##
## ---------------------- ##

This file was extended by antidote config.status 2.1, which was
generated by GNU Autoconf 2.69.  Invocation command line was

  CONFIG_FILES    = 
  CONFIG_HEADERS  = 
  CONFIG_LINKS    = 
  CONFIG_COMMANDS = 
  $ ./config.status src/communication/common/Makefile depfiles

on arera

config.status:1051: creating src/communication/common/Makefile
config.status:1223: executing depfiles commands

## ---------------------- ##
## Running config.status. ##
## ---------------------- ##

This file was extended by antidote config.status 2.1, which was
generated by GNU Autoconf 2.69.  Invocation command line was

  CONFIG_FILES    = 
  CONFIG_HEADERS  = 
  CONFIG_LINKS    = 
  CONFIG_COMMANDS = 
  $ ./config.status src/communication/manager/Makefile depfiles

on arera

config.status:1051: creating src/communication/manager/Makefile
config.status:1223: executing depfiles commands

## ---------------------- ##
## Running config.status. ##
## ---------------------- ##

This file was extended by antidote config.status 2.1, which was
generated by GNU Autoconf 2.69.  Invocation command line was

  CONFIG_FILES    = 
  CONFIG_HEADERS  = 
  CONFIG_LINKS    = 
  CONFIG_COMMANDS = 
  $ ./config.status src/Makefile depfiles

on arera

config.status:1051: creating src/Makefile
config.status:1223: executing depfiles commands

## ---------------------- ##
## Running config.status. ##
## ---------------------- ##

This file was extended by antidote config.status 2.1, which was
generated by GNU Autoconf 2.69.  Invocation command line was

  CONFIG_FILES    = 
  CONFIG_HEADERS  = 
  CONFIG_LINKS    = 
  CONFIG_COMMANDS = 
  $ ./config.status src/communication/Makefile depfiles

on arera

config.status:1051: creating src/communication/Makefile
config.status:1223: executing depfiles commands

## ---------------------- ##
## Running config.status. ##
## ---------------------- ##

This file was extended by antidote config.status 2.1, which was
generated by GNU Autoconf 2.69.  Invocation command line was

  CONFIG_FILES    = 
  CONFIG_HEADERS  = 
  CONFIG_LINKS    = 
  CONFIG_COMMANDS = 
  $ ./config.status src/communication/common/Makefile depfiles

on arera

config.status:1051: creating src/communication/common/Makefile
config.status:1223: executing depfiles commands
